Using pre-set license
Built from '2020.2/staging' branch; Version is '2020.2.3f1 (8ff31bc5bf5b) revision 9433883'; Using compiler version '192528614'; Build Type 'Release'
OS: 'Windows 10 Pro; OS build 19042.985; Version 2009; 64bit' Language: 'en' Physical Memory: 16333 MB
BatchMode: 1, IsHumanControllingUs: 0, StartBugReporterOnCrash: 0, Is64bit: 1, IsPro: 0

 COMMAND LINE ARGUMENTS:
Z:\Unity\2020.2.3f1\Editor\Unity.exe
-adb2
-batchMode
-noUpm
-name
AssetImportWorker2
-projectPath
Z:/GitHub/Clone Repositories/The-Muse/The Muse
-logFile
Logs/AssetImportWorker2.log
-srvPort
50257
Successfully changed project path to: Z:/GitHub/Clone Repositories/The-Muse/The Muse
Z:/GitHub/Clone Repositories/The-Muse/The Muse
Using Asset Import Pipeline V2.
Refreshing native plugins compatible for Editor in 54.84 ms, found 1 plugins.
Preloading 0 native plugins for Editor in 0.00 ms.
Initialize engine version: 2020.2.3f1 (8ff31bc5bf5b)
[Subsystems] Discovering subsystems at path Z:/Unity/2020.2.3f1/Editor/Data/Resources/UnitySubsystems
[Subsystems] Discovering subsystems at path Z:/GitHub/Clone Repositories/The-Muse/The Muse/Assets
GfxDevice: creating device client; threaded=0
Direct3D:
    Version:  Direct3D 11.0 [level 11.1]
    Renderer: NVIDIA GeForce RTX 2080 (ID=0x1e87)
    Vendor:   
    VRAM:     8010 MB
    Driver:   27.21.14.6627
Initialize mono
Mono path[0] = 'Z:/Unity/2020.2.3f1/Editor/Data/Managed'
Mono path[1] = 'Z:/Unity/2020.2.3f1/Editor/Data/MonoBleedingEdge/lib/mono/unityjit'
Mono config path = 'Z:/Unity/2020.2.3f1/Editor/Data/MonoBleedingEdge/etc'
Using monoOptions --debugger-agent=transport=dt_socket,embedding=1,server=y,suspend=n,address=127.0.0.1:56236
Begin MonoManager ReloadAssembly
Registering precompiled unity dll's ...
Register platform support module: Z:/Unity/2020.2.3f1/Editor/Data/PlaybackEngines/WebGLSupport/UnityEditor.WebGL.Extensions.dll
Register platform support module: Z:/Unity/2020.2.3f1/Editor/Data/PlaybackEngines/WindowsStandaloneSupport/UnityEditor.WindowsStandalone.Extensions.dll
Registered in 0.001475 seconds.
Native extension for WindowsStandalone target not found
Native extension for WebGL target not found
Refreshing native plugins compatible for Editor in 54.86 ms, found 1 plugins.
Preloading 0 native plugins for Editor in 0.00 ms.
Invoked RoslynAnalysisRunner static constructor.
RoslynAnalysisRunner will not be running.
RoslynAnalysisRunner has terminated.
Mono: successfully reloaded assembly
- Completed reload, in  1.233 seconds
Platform modules already initialized, skipping
Registering precompiled user dll's ...
Registered in 0.000870 seconds.
Begin MonoManager ReloadAssembly
Native extension for WindowsStandalone target not found
Native extension for WebGL target not found
Refreshing native plugins compatible for Editor in 53.87 ms, found 1 plugins.
Preloading 0 native plugins for Editor in 0.00 ms.
Invoked RoslynAnalysisRunner static constructor.
RoslynAnalysisRunner will not be running.
RoslynAnalysisRunner has terminated.
Mono: successfully reloaded assembly
- Completed reload, in  1.161 seconds
Platform modules already initialized, skipping
========================================================================
Worker process is ready to serve import requests
Launched and connected shader compiler UnityShaderCompiler.exe after 0.05 seconds
Refreshing native plugins compatible for Editor in 0.56 ms, found 1 plugins.
Preloading 0 native plugins for Editor in 0.00 ms.
Unloading 2307 Unused Serialized files (Serialized files now loaded: 0)
System memory in use before: 103.6 MB.
System memory in use after: 103.7 MB.

Unloading 27 unused Assets to reduce memory usage. Loaded Objects now: 2752.
Total: 2.821400 ms (FindLiveObjects: 0.293300 ms CreateObjectMapping: 0.074700 ms MarkObjects: 2.300700 ms  DeleteObjects: 0.151500 ms)

========================================================================
Received Import Request.
  path: Assets/Sprites/Tile Map/TreesV2.png
  artifactKey: Guid(efb754a6ff564b6499d06d506cd542da) Importer(815301076,1909f56bfc062723c751e8b465ee728b)
Start importing Assets/Sprites/Tile Map/TreesV2.png using Guid(efb754a6ff564b6499d06d506cd542da) Importer(815301076,1909f56bfc062723c751e8b465ee728b)  -> (artifact id: 'a19f6374579afdebb5cb0b6385a03993') in 0.111271 seconds
  Import took 0.115536 seconds .

========================================================================
Received Import Request.
  Time since last request: 5.202366 seconds.
  path: Assets/Sprites/Tile Map/TreesV2.png
  artifactKey: Guid(efb754a6ff564b6499d06d506cd542da) Importer(815301076,1909f56bfc062723c751e8b465ee728b)
Start importing Assets/Sprites/Tile Map/TreesV2.png using Guid(efb754a6ff564b6499d06d506cd542da) Importer(815301076,1909f56bfc062723c751e8b465ee728b)  -> (artifact id: '7bdb87d5455c507f46ba8dcbe543faf6') in 0.016062 seconds
  Import took 0.020067 seconds .

========================================================================
Received Import Request.
  Time since last request: 0.010973 seconds.
  path: Assets/Sprites/Tile Map/TreesV2.png
  artifactKey: Guid(efb754a6ff564b6499d06d506cd542da) Importer(815301076,1909f56bfc062723c751e8b465ee728b)
Start importing Assets/Sprites/Tile Map/TreesV2.png using Guid(efb754a6ff564b6499d06d506cd542da) Importer(815301076,1909f56bfc062723c751e8b465ee728b)  -> (artifact id: '7bdb87d5455c507f46ba8dcbe543faf6') in 0.014975 seconds
  Import took 0.019224 seconds .

========================================================================
Received Import Request.
  Time since last request: 11.079953 seconds.
  path: Assets/Sprites/Tile Map/TreesV2.png
  artifactKey: Guid(efb754a6ff564b6499d06d506cd542da) Importer(815301076,1909f56bfc062723c751e8b465ee728b)
Start importing Assets/Sprites/Tile Map/TreesV2.png using Guid(efb754a6ff564b6499d06d506cd542da) Importer(815301076,1909f56bfc062723c751e8b465ee728b)  -> (artifact id: '6ad5935bb3c43ac5e8d15aeeb0e16195') in 0.011403 seconds
  Import took 0.015614 seconds .

========================================================================
Received Import Request.
  Time since last request: 0.010215 seconds.
  path: Assets/Sprites/Tile Map/TreesV2.png
  artifactKey: Guid(efb754a6ff564b6499d06d506cd542da) Importer(815301076,1909f56bfc062723c751e8b465ee728b)
Start importing Assets/Sprites/Tile Map/TreesV2.png using Guid(efb754a6ff564b6499d06d506cd542da) Importer(815301076,1909f56bfc062723c751e8b465ee728b)  -> (artifact id: '6ad5935bb3c43ac5e8d15aeeb0e16195') in 0.005416 seconds
  Import took 0.009333 seconds .

========================================================================
Received Import Request.
  Time since last request: 38.607263 seconds.
  path: Assets/Sprites/Tile Map/TreesV2.png
  artifactKey: Guid(efb754a6ff564b6499d06d506cd542da) Importer(815301076,1909f56bfc062723c751e8b465ee728b)
Start importing Assets/Sprites/Tile Map/TreesV2.png using Guid(efb754a6ff564b6499d06d506cd542da) Importer(815301076,1909f56bfc062723c751e8b465ee728b)  -> (artifact id: 'e6e294a19549917f4252aec70fdb4a82') in 0.016369 seconds
  Import took 0.020124 seconds .

========================================================================
Received Import Request.
  Time since last request: 0.000755 seconds.
  path: Assets/Sprites/Tile Map/TreesV2.png
  artifactKey: Guid(efb754a6ff564b6499d06d506cd542da) Importer(815301076,1909f56bfc062723c751e8b465ee728b)
Start importing Assets/Sprites/Tile Map/TreesV2.png using Guid(efb754a6ff564b6499d06d506cd542da) Importer(815301076,1909f56bfc062723c751e8b465ee728b)  -> (artifact id: 'e6e294a19549917f4252aec70fdb4a82') in 0.015537 seconds
  Import took 0.019882 seconds .

========================================================================
Received Import Request.
  Time since last request: 104.284800 seconds.
  path: Assets/Sprites/Tile Map/TreesV2_1.asset
  artifactKey: Guid(bcce84b06ef1c764b9d236f3b983a79d) Importer(815301076,1909f56bfc062723c751e8b465ee728b)
Start importing Assets/Sprites/Tile Map/TreesV2_1.asset using Guid(bcce84b06ef1c764b9d236f3b983a79d) Importer(815301076,1909f56bfc062723c751e8b465ee728b)  -> (artifact id: 'a0501fe43a2bc6da16247959d954cb68') in 0.022972 seconds
  Import took 0.026965 seconds .

========================================================================
Received Import Request.
  Time since last request: 35.146065 seconds.
  path: Assets/Sprites/Tile Map/TreesV2.png
  artifactKey: Guid(efb754a6ff564b6499d06d506cd542da) Importer(815301076,1909f56bfc062723c751e8b465ee728b)
Start importing Assets/Sprites/Tile Map/TreesV2.png using Guid(efb754a6ff564b6499d06d506cd542da) Importer(815301076,1909f56bfc062723c751e8b465ee728b)  -> (artifact id: '3690aaf6c4bfd4d60038ea4038059308') in 0.014915 seconds
  Import took 0.018833 seconds .

========================================================================
Received Import Request.
  Time since last request: 0.009531 seconds.
  path: Assets/Sprites/Tile Map/TreesV2.png
  artifactKey: Guid(efb754a6ff564b6499d06d506cd542da) Importer(815301076,1909f56bfc062723c751e8b465ee728b)
Start importing Assets/Sprites/Tile Map/TreesV2.png using Guid(efb754a6ff564b6499d06d506cd542da) Importer(815301076,1909f56bfc062723c751e8b465ee728b)  -> (artifact id: '3690aaf6c4bfd4d60038ea4038059308') in 0.013858 seconds
  Import took 0.017732 seconds .

========================================================================
Received Import Request.
  Time since last request: 7.350830 seconds.
  path: Assets/Sprites/Tile Map/TreesV2.png
  artifactKey: Guid(efb754a6ff564b6499d06d506cd542da) Importer(815301076,1909f56bfc062723c751e8b465ee728b)
Start importing Assets/Sprites/Tile Map/TreesV2.png using Guid(efb754a6ff564b6499d06d506cd542da) Importer(815301076,1909f56bfc062723c751e8b465ee728b)  -> (artifact id: '2dd15aed8a8b6644833be4bfdfa53b4e') in 0.014645 seconds
  Import took 0.018567 seconds .

========================================================================
Received Import Request.
  Time since last request: 0.000700 seconds.
  path: Assets/Sprites/Tile Map/TreesV2.png
  artifactKey: Guid(efb754a6ff564b6499d06d506cd542da) Importer(815301076,1909f56bfc062723c751e8b465ee728b)
Start importing Assets/Sprites/Tile Map/TreesV2.png using Guid(efb754a6ff564b6499d06d506cd542da) Importer(815301076,1909f56bfc062723c751e8b465ee728b)  -> (artifact id: '2dd15aed8a8b6644833be4bfdfa53b4e') in 0.014452 seconds
  Import took 0.018306 seconds .

========================================================================
Received Import Request.
  Time since last request: 35.764457 seconds.
  path: Assets/Sprites/Tile Map/TreesV2.png
  artifactKey: Guid(efb754a6ff564b6499d06d506cd542da) Importer(815301076,1909f56bfc062723c751e8b465ee728b)
Start importing Assets/Sprites/Tile Map/TreesV2.png using Guid(efb754a6ff564b6499d06d506cd542da) Importer(815301076,1909f56bfc062723c751e8b465ee728b)  -> (artifact id: 'ed1028fda6310fb37e7950b642f3a93d') in 0.016504 seconds
  Import took 0.020592 seconds .

========================================================================
Received Import Request.
  Time since last request: 0.001966 seconds.
  path: Assets/Sprites/Tile Map/TreesV2.png
  artifactKey: Guid(efb754a6ff564b6499d06d506cd542da) Importer(815301076,1909f56bfc062723c751e8b465ee728b)
Start importing Assets/Sprites/Tile Map/TreesV2.png using Guid(efb754a6ff564b6499d06d506cd542da) Importer(815301076,1909f56bfc062723c751e8b465ee728b)  -> (artifact id: 'ed1028fda6310fb37e7950b642f3a93d') in 0.013948 seconds
  Import took 0.017964 seconds .

========================================================================
Received Import Request.
  Time since last request: 4.308094 seconds.
  path: Assets/Sprites/Tile Map/TreesV2.png
  artifactKey: Guid(efb754a6ff564b6499d06d506cd542da) Importer(815301076,1909f56bfc062723c751e8b465ee728b)
Start importing Assets/Sprites/Tile Map/TreesV2.png using Guid(efb754a6ff564b6499d06d506cd542da) Importer(815301076,1909f56bfc062723c751e8b465ee728b)  -> (artifact id: '5c8622862dc8cfdb67ba23a822431c24') in 0.014766 seconds
  Import took 0.019408 seconds .

========================================================================
Received Import Request.
  Time since last request: 0.000404 seconds.
  path: Assets/Sprites/Tile Map/TreesV2.png
  artifactKey: Guid(efb754a6ff564b6499d06d506cd542da) Importer(815301076,1909f56bfc062723c751e8b465ee728b)
Start importing Assets/Sprites/Tile Map/TreesV2.png using Guid(efb754a6ff564b6499d06d506cd542da) Importer(815301076,1909f56bfc062723c751e8b465ee728b)  -> (artifact id: '5c8622862dc8cfdb67ba23a822431c24') in 0.014099 seconds
  Import took 0.017945 seconds .

========================================================================
Received Import Request.
  Time since last request: 3.385615 seconds.
  path: Assets/Sprites/Tile Map/TreesV2.png
  artifactKey: Guid(efb754a6ff564b6499d06d506cd542da) Importer(815301076,1909f56bfc062723c751e8b465ee728b)
Start importing Assets/Sprites/Tile Map/TreesV2.png using Guid(efb754a6ff564b6499d06d506cd542da) Importer(815301076,1909f56bfc062723c751e8b465ee728b)  -> (artifact id: '0749ce615d049794ffdb0be89c217188') in 0.014525 seconds
  Import took 0.018515 seconds .

========================================================================
Received Import Request.
  Time since last request: 0.001439 seconds.
  path: Assets/Sprites/Tile Map/TreesV2.png
  artifactKey: Guid(efb754a6ff564b6499d06d506cd542da) Importer(815301076,1909f56bfc062723c751e8b465ee728b)
Start importing Assets/Sprites/Tile Map/TreesV2.png using Guid(efb754a6ff564b6499d06d506cd542da) Importer(815301076,1909f56bfc062723c751e8b465ee728b)  -> (artifact id: '0749ce615d049794ffdb0be89c217188') in 0.014076 seconds
  Import took 0.018180 seconds .

========================================================================
Received Import Request.
  Time since last request: 3.966112 seconds.
  path: Assets/Sprites/Tile Map/TreesV2.png
  artifactKey: Guid(efb754a6ff564b6499d06d506cd542da) Importer(815301076,1909f56bfc062723c751e8b465ee728b)
Start importing Assets/Sprites/Tile Map/TreesV2.png using Guid(efb754a6ff564b6499d06d506cd542da) Importer(815301076,1909f56bfc062723c751e8b465ee728b)  -> (artifact id: 'd38f1543197cb74ec36d2e106dc94130') in 0.016060 seconds
  Import took 0.019832 seconds .

========================================================================
Received Import Request.
  Time since last request: 0.000733 seconds.
  path: Assets/Sprites/Tile Map/TreesV2.png
  artifactKey: Guid(efb754a6ff564b6499d06d506cd542da) Importer(815301076,1909f56bfc062723c751e8b465ee728b)
Start importing Assets/Sprites/Tile Map/TreesV2.png using Guid(efb754a6ff564b6499d06d506cd542da) Importer(815301076,1909f56bfc062723c751e8b465ee728b)  -> (artifact id: 'd38f1543197cb74ec36d2e106dc94130') in 0.016654 seconds
  Import took 0.020543 seconds .

========================================================================
Received Import Request.
  Time since last request: 5.659511 seconds.
  path: Assets/Sprites/Tile Map/TreesV2.png
  artifactKey: Guid(efb754a6ff564b6499d06d506cd542da) Importer(815301076,1909f56bfc062723c751e8b465ee728b)
Start importing Assets/Sprites/Tile Map/TreesV2.png using Guid(efb754a6ff564b6499d06d506cd542da) Importer(815301076,1909f56bfc062723c751e8b465ee728b)  -> (artifact id: '69cc2bc428bed37c7c77fad2961002a0') in 0.016456 seconds
  Import took 0.020222 seconds .

========================================================================
Received Import Request.
  Time since last request: 15.754789 seconds.
  path: Assets/Sprites/Tile Map/BigTree.png
  artifactKey: Guid(2bdb16d750122c04cad3e6f95581dcb5) Importer(815301076,1909f56bfc062723c751e8b465ee728b)
Start importing Assets/Sprites/Tile Map/BigTree.png using Guid(2bdb16d750122c04cad3e6f95581dcb5) Importer(815301076,1909f56bfc062723c751e8b465ee728b)  -> (artifact id: '47d7092f6f33701cef562f0e6169ebd2') in 0.013380 seconds
  Import took 0.017241 seconds .

========================================================================
Received Import Request.
  Time since last request: 0.008335 seconds.
  path: Assets/Sprites/Tile Map/BigTree.png
  artifactKey: Guid(2bdb16d750122c04cad3e6f95581dcb5) Importer(815301076,1909f56bfc062723c751e8b465ee728b)
Start importing Assets/Sprites/Tile Map/BigTree.png using Guid(2bdb16d750122c04cad3e6f95581dcb5) Importer(815301076,1909f56bfc062723c751e8b465ee728b)  -> (artifact id: '47d7092f6f33701cef562f0e6169ebd2') in 0.014295 seconds
  Import took 0.018458 seconds .

========================================================================
Received Import Request.
  Time since last request: 19.455694 seconds.
  path: Assets/Sprites/Tile Map/Trees.png
  artifactKey: Guid(7cd11b3c49aca804abc004014fd77696) Importer(815301076,1909f56bfc062723c751e8b465ee728b)
Start importing Assets/Sprites/Tile Map/Trees.png using Guid(7cd11b3c49aca804abc004014fd77696) Importer(815301076,1909f56bfc062723c751e8b465ee728b)  -> (artifact id: '9f46f5354765fc43ccfb2e972f522450') in 0.015503 seconds
  Import took 0.019471 seconds .

========================================================================
Received Import Request.
  Time since last request: 22.039545 seconds.
  path: Assets/Sprites/Tile Map/TreesV2.png
  artifactKey: Guid(efb754a6ff564b6499d06d506cd542da) Importer(815301076,1909f56bfc062723c751e8b465ee728b)
Start importing Assets/Sprites/Tile Map/TreesV2.png using Guid(efb754a6ff564b6499d06d506cd542da) Importer(815301076,1909f56bfc062723c751e8b465ee728b)  -> (artifact id: '61c0ceb96d0d8331b6f39988a9827c25') in 0.014952 seconds
  Import took 0.018923 seconds .

========================================================================
Received Import Request.
  Time since last request: 0.001555 seconds.
  path: Assets/Sprites/Tile Map/TreesV2.png
  artifactKey: Guid(efb754a6ff564b6499d06d506cd542da) Importer(815301076,1909f56bfc062723c751e8b465ee728b)
Start importing Assets/Sprites/Tile Map/TreesV2.png using Guid(efb754a6ff564b6499d06d506cd542da) Importer(815301076,1909f56bfc062723c751e8b465ee728b)  -> (artifact id: '61c0ceb96d0d8331b6f39988a9827c25') in 0.014129 seconds
  Import took 0.018358 seconds .

========================================================================
Received Import Request.
  Time since last request: 3.712731 seconds.
  path: Assets/Sprites/Tile Map/TreesV2.png
  artifactKey: Guid(efb754a6ff564b6499d06d506cd542da) Importer(815301076,1909f56bfc062723c751e8b465ee728b)
Start importing Assets/Sprites/Tile Map/TreesV2.png using Guid(efb754a6ff564b6499d06d506cd542da) Importer(815301076,1909f56bfc062723c751e8b465ee728b)  -> (artifact id: '83327199f284159c42a9cce2606f0e6b') in 0.016148 seconds
  Import took 0.020642 seconds .

========================================================================
Received Import Request.
  Time since last request: 4.471465 seconds.
  path: Assets/Sprites/Tile Map/TreesV2.png
  artifactKey: Guid(efb754a6ff564b6499d06d506cd542da) Importer(815301076,1909f56bfc062723c751e8b465ee728b)
Start importing Assets/Sprites/Tile Map/TreesV2.png using Guid(efb754a6ff564b6499d06d506cd542da) Importer(815301076,1909f56bfc062723c751e8b465ee728b)  -> (artifact id: '3d5e1ced4e60061c2cb941eea68533bb') in 0.016200 seconds
  Import took 0.020400 seconds .

========================================================================
Received Import Request.
  Time since last request: 4.226187 seconds.
  path: Assets/Sprites/Tile Map/TreesV2.png
  artifactKey: Guid(efb754a6ff564b6499d06d506cd542da) Importer(815301076,1909f56bfc062723c751e8b465ee728b)
Start importing Assets/Sprites/Tile Map/TreesV2.png using Guid(efb754a6ff564b6499d06d506cd542da) Importer(815301076,1909f56bfc062723c751e8b465ee728b)  -> (artifact id: 'c4f2f68b9cd1a3d12340141482570be3') in 0.014180 seconds
  Import took 0.018003 seconds .

========================================================================
Received Import Request.
  Time since last request: 0.007427 seconds.
  path: Assets/Sprites/Tile Map/TreesV2.png
  artifactKey: Guid(efb754a6ff564b6499d06d506cd542da) Importer(815301076,1909f56bfc062723c751e8b465ee728b)
Start importing Assets/Sprites/Tile Map/TreesV2.png using Guid(efb754a6ff564b6499d06d506cd542da) Importer(815301076,1909f56bfc062723c751e8b465ee728b)  -> (artifact id: 'c4f2f68b9cd1a3d12340141482570be3') in 0.013623 seconds
  Import took 0.017464 seconds .

========================================================================
Received Import Request.
  Time since last request: 5.595037 seconds.
  path: Assets/Sprites/Tile Map/TreesV2.png
  artifactKey: Guid(efb754a6ff564b6499d06d506cd542da) Importer(815301076,1909f56bfc062723c751e8b465ee728b)
Start importing Assets/Sprites/Tile Map/TreesV2.png using Guid(efb754a6ff564b6499d06d506cd542da) Importer(815301076,1909f56bfc062723c751e8b465ee728b)  -> (artifact id: 'a986b1e01c3b3dc77daae66d462fd9b2') in 0.015760 seconds
  Import took 0.019564 seconds .

