Using pre-set license
Built from '2020.2/staging' branch; Version is '2020.2.3f1 (8ff31bc5bf5b) revision 9433883'; Using compiler version '192528614'; Build Type 'Release'
OS: 'Windows 10 Pro; OS build 19045.2965; Version 2009; 64bit' Language: 'en' Physical Memory: 31902 MB
BatchMode: 1, IsHumanControllingUs: 0, StartBugReporterOnCrash: 0, Is64bit: 1, IsPro: 0

 COMMAND LINE ARGUMENTS:
U:\Unity Editor Verisons\2020.2.3f1\Editor\Unity.exe
-adb2
-batchMode
-noUpm
-name
AssetImportWorker0
-projectPath
U:/Repositories/The-Muse/The Muse
-logFile
Logs/AssetImportWorker0.log
-srvPort
61609
Successfully changed project path to: U:/Repositories/The-Muse/The Muse
U:/Repositories/The-Muse/The Muse
Using Asset Import Pipeline V2.
Refreshing native plugins compatible for Editor in 28.43 ms, found 1 plugins.
Preloading 0 native plugins for Editor in 0.00 ms.
Initialize engine version: 2020.2.3f1 (8ff31bc5bf5b)
[Subsystems] Discovering subsystems at path U:/Unity Editor Verisons/2020.2.3f1/Editor/Data/Resources/UnitySubsystems
[Subsystems] Discovering subsystems at path U:/Repositories/The-Muse/The Muse/Assets
GfxDevice: creating device client; threaded=0
Direct3D:
    Version:  Direct3D 11.0 [level 11.1]
    Renderer: NVIDIA GeForce RTX 2080 (ID=0x1e87)
    Vendor:   
    VRAM:     8002 MB
    Driver:   31.0.15.3179
Initialize mono
Mono path[0] = 'U:/Unity Editor Verisons/2020.2.3f1/Editor/Data/Managed'
Mono path[1] = 'U:/Unity Editor Verisons/2020.2.3f1/Editor/Data/MonoBleedingEdge/lib/mono/unityjit'
Mono config path = 'U:/Unity Editor Verisons/2020.2.3f1/Editor/Data/MonoBleedingEdge/etc'
Using monoOptions --debugger-agent=transport=dt_socket,embedding=1,server=y,suspend=n,address=127.0.0.1:56088
Begin MonoManager ReloadAssembly
Registering precompiled unity dll's ...
Register platform support module: U:/Unity Editor Verisons/2020.2.3f1/Editor/Data/PlaybackEngines/WebGLSupport/UnityEditor.WebGL.Extensions.dll
Register platform support module: U:/Unity Editor Verisons/2020.2.3f1/Editor/Data/PlaybackEngines/WindowsStandaloneSupport/UnityEditor.WindowsStandalone.Extensions.dll
Registered in 0.131496 seconds.
Native extension for WindowsStandalone target not found
Native extension for WebGL target not found
Refreshing native plugins compatible for Editor in 27.07 ms, found 1 plugins.
Preloading 0 native plugins for Editor in 0.00 ms.
Invoked RoslynAnalysisRunner static constructor.
RoslynAnalysisRunner will not be running.
RoslynAnalysisRunner has terminated.
Mono: successfully reloaded assembly
- Completed reload, in  0.599 seconds
Platform modules already initialized, skipping
Registering precompiled user dll's ...
Registered in 0.000582 seconds.
Begin MonoManager ReloadAssembly
Native extension for WindowsStandalone target not found
Native extension for WebGL target not found
Refreshing native plugins compatible for Editor in 24.81 ms, found 1 plugins.
Preloading 0 native plugins for Editor in 0.00 ms.
Invoked RoslynAnalysisRunner static constructor.
RoslynAnalysisRunner will not be running.
RoslynAnalysisRunner has terminated.
Mono: successfully reloaded assembly
- Completed reload, in  0.492 seconds
Platform modules already initialized, skipping
========================================================================
Worker process is ready to serve import requests
Launched and connected shader compiler UnityShaderCompiler.exe after 0.03 seconds
Refreshing native plugins compatible for Editor in 0.61 ms, found 1 plugins.
Preloading 0 native plugins for Editor in 0.00 ms.
Unloading 2307 Unused Serialized files (Serialized files now loaded: 0)
System memory in use before: 103.1 MB.
System memory in use after: 103.3 MB.

Unloading 22 unused Assets to reduce memory usage. Loaded Objects now: 2755.
Total: 1.878000 ms (FindLiveObjects: 0.312300 ms CreateObjectMapping: 0.073100 ms MarkObjects: 1.436900 ms  DeleteObjects: 0.054500 ms)

========================================================================
Received Import Request.
  path: Assets/TitleCredits.png
  artifactKey: Guid(f458878109423a145b6348c37bbc66c8) Importer(815301076,1909f56bfc062723c751e8b465ee728b)
Start importing Assets/TitleCredits.png using Guid(f458878109423a145b6348c37bbc66c8) Importer(815301076,1909f56bfc062723c751e8b465ee728b)  -> (artifact id: '5a16165837d227ff10d04a77c0e611d7') in 0.081179 seconds
  Import took 0.084526 seconds .

========================================================================
Received Import Request.
  Time since last request: 0.000161 seconds.
  path: Assets/TitleHowToPlay.png
  artifactKey: Guid(827c1312a061b764391e98855094c54c) Importer(815301076,1909f56bfc062723c751e8b465ee728b)
Start importing Assets/TitleHowToPlay.png using Guid(827c1312a061b764391e98855094c54c) Importer(815301076,1909f56bfc062723c751e8b465ee728b)  -> (artifact id: 'd6d5b9efb3c74bc8cee9f05663954329') in 0.008505 seconds
  Import took 0.011379 seconds .

========================================================================
Received Import Request.
  Time since last request: 0.000985 seconds.
  path: Assets/TitleHowToPlay.png
  artifactKey: Guid(827c1312a061b764391e98855094c54c) Importer(815301076,1909f56bfc062723c751e8b465ee728b)
Start importing Assets/TitleHowToPlay.png using Guid(827c1312a061b764391e98855094c54c) Importer(815301076,1909f56bfc062723c751e8b465ee728b)  -> (artifact id: 'd6d5b9efb3c74bc8cee9f05663954329') in 0.007735 seconds
  Import took 0.010636 seconds .

========================================================================
Received Import Request.
  Time since last request: 21.588597 seconds.
  path: Assets/Scenes
  artifactKey: Guid(af44987dd3dc7be4394ef4a10d9f0f6a) Importer(815301076,1909f56bfc062723c751e8b465ee728b)
Start importing Assets/Scenes using Guid(af44987dd3dc7be4394ef4a10d9f0f6a) Importer(815301076,1909f56bfc062723c751e8b465ee728b)  -> (artifact id: 'a3fa5a3b1317f1d864d8d0e66bbca341') in 0.005300 seconds
  Import took 0.008196 seconds .

========================================================================
Received Import Request.
  Time since last request: 0.000130 seconds.
  path: Assets/Scenes
  artifactKey: Guid(af44987dd3dc7be4394ef4a10d9f0f6a) Importer(815301076,1909f56bfc062723c751e8b465ee728b)
Start importing Assets/Scenes using Guid(af44987dd3dc7be4394ef4a10d9f0f6a) Importer(815301076,1909f56bfc062723c751e8b465ee728b)  -> (artifact id: 'a3fa5a3b1317f1d864d8d0e66bbca341') in 0.001094 seconds
  Import took 0.002812 seconds .

========================================================================
Received Import Request.
  Time since last request: 1.649676 seconds.
  path: Assets/Scenes/Gameplay.unity
  artifactKey: Guid(2cda990e2423bbf4892e6590ba056729) Importer(815301076,1909f56bfc062723c751e8b465ee728b)
Start importing Assets/Scenes/Gameplay.unity using Guid(2cda990e2423bbf4892e6590ba056729) Importer(815301076,1909f56bfc062723c751e8b465ee728b)  -> (artifact id: '18fd8f1f8c2ea3c557b249444ef5c735') in 0.004650 seconds
  Import took 0.007474 seconds .

========================================================================
Received Import Request.
  Time since last request: 0.374709 seconds.
  path: Assets/Scenes/Main Menu.unity
  artifactKey: Guid(b87f8a244da7c4e4f9e9f3dd143c2e9e) Importer(815301076,1909f56bfc062723c751e8b465ee728b)
Start importing Assets/Scenes/Main Menu.unity using Guid(b87f8a244da7c4e4f9e9f3dd143c2e9e) Importer(815301076,1909f56bfc062723c751e8b465ee728b)  -> (artifact id: '4a95838b13fc96ca6646697215d2d5b5') in 0.004563 seconds
  Import took 0.007313 seconds .

========================================================================
Received Prepare
Registering precompiled user dll's ...
Registered in 0.000523 seconds.
Begin MonoManager ReloadAssembly
Native extension for WindowsStandalone target not found
Native extension for WebGL target not found
Refreshing native plugins compatible for Editor in 0.37 ms, found 1 plugins.
Preloading 0 native plugins for Editor in 0.00 ms.
Invoked RoslynAnalysisRunner static constructor.
RoslynAnalysisRunner will not be running.
RoslynAnalysisRunner has terminated.
Mono: successfully reloaded assembly
- Completed reload, in  0.425 seconds
Platform modules already initialized, skipping
Refreshing native plugins compatible for Editor in 0.33 ms, found 1 plugins.
Preloading 0 native plugins for Editor in 0.00 ms.
Unloading 2282 Unused Serialized files (Serialized files now loaded: 0)
System memory in use before: 104.7 MB.
System memory in use after: 104.9 MB.

Unloading 8 unused Assets to reduce memory usage. Loaded Objects now: 2764.
Total: 1.537900 ms (FindLiveObjects: 0.157600 ms CreateObjectMapping: 0.031300 ms MarkObjects: 1.337100 ms  DeleteObjects: 0.011300 ms)

AssetImportWorkerClient::OnTransportError - code=2 error=End of file
